Flutter crash report.
Please report a bug at https://github.com/flutter/flutter/issues.

## command

flutter assemble --no-version-check --output=/Users/reetam/develop/repository/CommApp/build/ios/Debug-iphonesimulator/ -dTargetPlatform=ios -dTargetFile=/Users/reetam/develop/repository/CommApp/lib/main.dart -dBuildMode=debug -dConfiguration=Debug -dIosArchs=arm64 -dSdkRoot=/Applications/Xcode.app/Contents/Developer/Platforms/iPhoneSimulator.platform/Developer/SDKs/iPhoneSimulator26.0.sdk -dSplitDebugInfo= -dTreeShakeIcons=false -dTrackWidgetCreation=true -dDartObfuscation=false -dAction=build -dFrontendServerStarterPath= --ExtraGenSnapshotOptions= --DartDefines=RkxVVFRFUl9WRVJTSU9OPTMuMzUuNQ==,RkxVVFRFUl9DSEFOTkVMPXN0YWJsZQ==,RkxVVFRFUl9HSVRfVVJMPWh0dHBzOi8vZ2l0aHViLmNvbS9mbHV0dGVyL2ZsdXR0ZXIuZ2l0,RkxVVFRFUl9GUkFNRVdPUktfUkVWSVNJT049YWM0ZTc5OWQyMw==,RkxVVFRFUl9FTkdJTkVfUkVWSVNJT049ZDNkNDVkY2YyNQ==,RkxVVFRFUl9EQVJUX1ZFUlNJT049My45LjI= --ExtraFrontEndOptions= -dSrcRoot=/Users/reetam/develop/repository/CommApp/ios -dTargetDeviceOSVersion=26.0 -dCodesignIdentity=- debug_ios_bundle_flutter_assets

## exception

PathNotFoundException: PathNotFoundException: Cannot open file, path = '/Users/reetam/develop/repository/CommApp/.dart_tool/flutter_build/61df133de3a712dcd84989358a40b23b/outputs.json' (OS Error: No such file or directory, errno = 2)

```
#0      _File.throwIfError (dart:io/file_impl.dart:783:7)
#1      _File.openSync (dart:io/file_impl.dart:576:5)
#2      _File.writeAsBytesSync (dart:io/file_impl.dart:748:31)
#3      _File.writeAsStringSync (dart:io/file_impl.dart:776:5)
#4      ForwardingFile.writeAsStringSync (package:file/src/forwarding/forwarding_file.dart:150:16)
#5      ErrorHandlingFile.writeAsStringSync.<anonymous closure> (package:flutter_tools/src/base/error_handling_io.dart:254:22)
#6      _runSync (package:flutter_tools/src/base/error_handling_io.dart:552:14)
#7      ErrorHandlingFile.writeAsStringSync (package:flutter_tools/src/base/error_handling_io.dart:253:5)
#8      FlutterBuildSystem.build (package:flutter_tools/src/build_system/build_system.dart:663:10)
<asynchronous suspension>
#9      AssembleCommand.runCommand (package:flutter_tools/src/commands/assemble.dart:346:32)
<asynchronous suspension>
#10     FlutterCommand.run.<anonymous closure> (package:flutter_tools/src/runner/flutter_command.dart:1581:27)
<asynchronous suspension>
#11     AppContext.run.<anonymous closure> (package:flutter_tools/src/base/context.dart:154:19)
<asynchronous suspension>
#12     CommandRunner.runCommand (package:args/command_runner.dart:212:13)
<asynchronous suspension>
#13     FlutterCommandRunner.runCommand.<anonymous closure> (package:flutter_tools/src/runner/flutter_command_runner.dart:503:9)
<asynchronous suspension>
#14     AppContext.run.<anonymous closure> (package:flutter_tools/src/base/context.dart:154:19)
<asynchronous suspension>
#15     FlutterCommandRunner.runCommand (package:flutter_tools/src/runner/flutter_command_runner.dart:438:5)
<asynchronous suspension>
#16     run.<anonymous closure>.<anonymous closure> (package:flutter_tools/runner.dart:98:11)
<asynchronous suspension>
#17     AppContext.run.<anonymous closure> (package:flutter_tools/src/base/context.dart:154:19)
<asynchronous suspension>
#18     main (package:flutter_tools/executable.dart:101:3)
<asynchronous suspension>
```

## flutter doctor

```
[✓] Flutter (Channel stable, 3.35.5, on macOS 26.0.1 25A362 darwin-arm64, locale en-US) [524ms]
    • Flutter version 3.35.5 on channel stable at /Users/reetam/develop/flutter
    • Upstream repository https://github.com/flutter/flutter.git
    • Framework revision ac4e799d23 (2 weeks ago), 2025-09-26 12:05:09 -0700
    • Engine revision d3d45dcf25
    • Dart version 3.9.2
    • DevTools version 2.48.0
    • Feature flags: enable-web, enable-linux-desktop, enable-macos-desktop, enable-windows-desktop, enable-android, enable-ios, cli-animations, enable-lldb-debugging

[✗] Android toolchain - develop for Android devices [287ms]
    ✗ Unable to locate Android SDK.
      Install Android Studio from: https://developer.android.com/studio/index.html
      On first launch it will assist you in installing the Android SDK components.
      (or visit https://flutter.dev/to/macos-android-setup for detailed instructions).
      If the Android SDK has been installed to a custom location, please use
      `flutter config --android-sdk` to update to that location.


[✓] Xcode - develop for iOS and macOS (Xcode 26.0.1) [2.9s]
    • Xcode at /Applications/Xcode.app/Contents/Developer
    • Build 17A400
    • CocoaPods version 1.16.2

[✓] Chrome - develop for the web [16ms]
    • Chrome at /Applications/Google Chrome.app/Contents/MacOS/Google Chrome

[!] Android Studio (not installed) [15ms]
    • Android Studio not found; download from https://developer.android.com/studio/index.html
      (or visit https://flutter.dev/to/macos-android-setup for detailed instructions).

[✓] VS Code (version 1.104.2) [14ms]
    • VS Code at /Users/reetam/Downloads/Visual Studio Code.app/Contents
    • Flutter extension version 3.120.0

[✓] Connected device (4 available) [14.3s]
    • Reetam iPhone SE (wireless) (mobile) • 00008030-001939E8016B402E            • ios            • iOS 18.1.1 22B91
    • iPhone 16e (mobile)                  • D5358136-E78B-4F9D-853D-5338C12872CC • ios            • com.apple.CoreSimulator.SimRuntime.iOS-26-0 (simulator)
    • macOS (desktop)                      • macos                                • darwin-arm64   • macOS 26.0.1 25A362 darwin-arm64
    • Chrome (web)                         • chrome                               • web-javascript • Google Chrome 141.0.7390.66

[✓] Network resources [301ms]
    • All expected network resources are available.

! Doctor found issues in 2 categories.
```
